<?xml version="1.0" encoding="UTF-8"?>
<!-- Generated by org.testng.reporters.JUnitXMLReporter -->
<testsuite ignored="0" hostname="BAC-LP-317" failures="0" tests="6" name="Test(failed)" time="73.002" errors="0" timestamp="2024-11-12T14:36:34 MYT">
  <testcase classname="com.testCases.TC003_LoginDDT" name="verify_loginDDT" time="4.326"/>
  <testcase classname="com.testCases.TC003_LoginDDT" name="verify_loginDDT" time="3.988"/>
  <testcase classname="com.testCases.TC003_LoginDDT" name="verify_loginDDT" time="4.124"/>
  <testcase classname="com.testCases.TC003_LoginDDT" name="verify_loginDDT" time="28.802"/>
  <testcase classname="com.testCases.TC003_LoginDDT" name="verify_loginDDT" time="11.015"/>
  <testcase classname="com.testCases.TC003_LoginDDT" name="verify_loginDDT" time="13.717"/>
</testsuite> <!-- Test(failed) -->
